<?xml version="1.0" encoding="UTF-8"?>
<!-- Generated by org.testng.reporters.JUnitXMLReporter -->
<testsuite hostname="gb-lis-dev-003" ignored="0" name="SmokeTest" tests="4" failures="1" timestamp="2020-06-07T22:20:25 BST" time="51.866" errors="0">
  <testcase name="crossDeviceElementsTest1" time="0.279" classname="com.applifashion.test.Task1"/>
  <testcase name="crossDeviceElementsTest2" time="0.074" classname="com.applifashion.test.Task1"/>
  <testcase name="shoppingExperienceTest" time="5.99" classname="com.applifashion.test.Task2">
    <failure type="java.lang.AssertionError" message="add to compare icon is not displayed
Expected: is &amp;lt;true&amp;gt;
     but: was &amp;lt;false&amp;gt;">
      <![CDATA[java.lang.AssertionError: add to compare icon is not displayed
Expected: is <true>
     but: was <false>
at org.hamcrest.MatcherAssert.assertThat(MatcherAssert.java:20)
at com.applifashion.test.Task2.shoppingExperienceTest(Task2.java:65)
at java.util.ArrayList.forEach(ArrayList.java:1255)
... Removed 31 stack frames]]>
    </failure>
  </testcase> <!-- shoppingExperienceTest -->
  <testcase name="productDetailsTest" time="1.69" classname="com.applifashion.test.Task3"/>
</testsuite> <!-- SmokeTest -->
