<?xml version="1.0" encoding="UTF-8"?>
<testsuite xmlns:xsi="http://www.w3.org/2001/XMLSchema-instance" xsi:noNamespaceSchemaLocation="https://maven.apache.org/surefire/maven-surefire-plugin/xsd/surefire-test-report-3.0.xsd" version="3.0" name="TestSuite" time="54.167" tests="4" errors="0" skipped="0" failures="1">
  <properties>
[...]
</properties>
  <testcase name="crossDeviceElementsTest1" classname="com.applifashion.test.Task1" time="0.281"/>
  <testcase name="crossDeviceElementsTest2" classname="com.applifashion.test.Task1" time="0.075"/>
  <testcase name="shoppingExperienceTest" classname="com.applifashion.test.Task2" time="5.999">
    <failure message="add to compare icon is not displayed&#10;Expected: is &lt;true&gt;&#10;     but: was &lt;false&gt;" type="java.lang.AssertionError"><![CDATA[java.lang.AssertionError: 
add to compare icon is not displayed
Expected: is <true>
     but: was <false>
	at com.applifashion.test.Task2.shoppingExperienceTest(Task2.java:65)
]]></failure>
    <system-err><![CDATA[1591564795870	Marionette	INFO	Stopped listening on port 55902

###!!! [Child][RunMessage] Error: Channel closing: too late to send/recv, messages will be lost


###!!! [Child][MessageChannel::SendAndWait] Error: Channel error: cannot send/recv

1591564798201	mozrunner::runner	INFO	Running command: "C:\\Program Files\\Mozilla Firefox\\firefox.exe" "-marionette" "-foreground" "-no-remote" "-profile" "C:\\Users\\P2227~1.PAD\\AppData\\Local\\Temp\\rust_mozprofilegEaOf5"
1591564798852	addons.webextension.doh-rollout@mozilla.org	WARN	Loading extension 'doh-rollout@mozilla.org': Reading manifest: Invalid extension permission: networkStatus
1591564799558	addons.webextension.screenshots@mozilla.org	WARN	Loading extension 'screenshots@mozilla.org': Reading manifest: Invalid extension permission: mozillaAddons
1591564799558	addons.webextension.screenshots@mozilla.org	WARN	Loading extension 'screenshots@mozilla.org': Reading manifest: Invalid extension permission: telemetry
1591564799559	addons.webextension.screenshots@mozilla.org	WARN	Loading extension 'screenshots@mozilla.org': Reading manifest: Invalid extension permission: resource://pdf.js/
1591564799559	addons.webextension.screenshots@mozilla.org	WARN	Loading extension 'screenshots@mozilla.org': Reading manifest: Invalid extension permission: about:reader*
JavaScript error: resource://gre/modules/XULStore.jsm, line 66: Error: Can't find profile directory.
1591564802995	Marionette	INFO	Listening on port 55985
1591564803064	Marionette	WARN	TLS certificate errors will be ignored for this session
Jun 07, 2020 10:20:03 PM org.openqa.selenium.remote.ProtocolHandshake createSession
INFO: Detected dialect: W3C
]]></system-err>
  </testcase>
  <testcase name="productDetailsTest" classname="com.applifashion.test.Task3" time="1.687"/>
</testsuite>